Added Component: Designator=C1(C2512)
Added Component: Designator=C2(C2512)
Added Component: Designator=C3(C2512)
Added Component: Designator=C4(C2512)
Added Component: Designator=C5(C2512)
Added Component: Designator=C6(C2512)
Added Component: Designator=C7(C2512)
Added Component: Designator=C8(C2512)
Added Component: Designator=C9(C2512)
Added Component: Designator=C10(C2512)
Added Component: Designator=C11(C2512)
Added Component: Designator=C12(C2512)
Added Component: Designator=C13(C2512)
Added Component: Designator=C14(C2512)
Added Component: Designator=C15(C2512)
Added Component: Designator=C16(C2512)
Added Component: Designator=C17(C2512)
Added Component: Designator=C18(C2512)
Added Component: Designator=C19(C2512)
Added Component: Designator=C20(C2512)
Added Component: Designator=C21(C2512)
Added Component: Designator=C22(C2512)
Added Component: Designator=C23(C2512)
Added Component: Designator=C24(C2512)
Added Component: Designator=C25(C2512)
Added Component: Designator=C26(C2512)
Added Component: Designator=C27(C2512)
Added Component: Designator=C28(C2512)
Added Component: Designator=C29(C2512)
Added Component: Designator=P1(HDR2X18)
Added Component: Designator=P2(HDR2X18)
Added Component: Designator=R1(J1-0603)
Added Component: Designator=R2(J1-0603)
Added Component: Designator=R3(J1-0603)
Added Component: Designator=R4(J1-0603)
Added Component: Designator=R5(J1-0603)
Added Component: Designator=R6(J1-0603)
Added Component: Designator=R7(J1-0603)
Added Component: Designator=R8(J1-0603)
Added Component: Designator=R9(J1-0603)
Added Component: Designator=R10(J1-0603)
Added Component: Designator=R11(J1-0603)
Added Component: Designator=U1(LQFP48_N)
Added Component: Designator=U2(LGA12 2x2x1mm)
Added Component: Designator=U3(LGA12 2x2x1mm)
Added Component: Designator=U4(LGA12 2x2x1mm)
Added Component: Designator=U5(LGA14L-2.5X3X0.86p0.5)
Added Component: Designator=U6(LGA14L-2.5X3X0.86p0.5)
Added Component: Designator=U7(LGA14L-2.5X3X0.86p0.5)
Added Pin To Net: NetName=AGND Pin=C17-1
Added Net: Name=AGND
Added Pin To Net: NetName=AVDD Pin=C17-2
Added Net: Name=AVDD
Added Pin To Net: NetName=BOOT0 Pin=P2-15
Added Pin To Net: NetName=BOOT0 Pin=U1-44
Added Net: Name=BOOT0
Added Pin To Net: NetName=DRDY MAGNETIC1 Pin=U2-8
Added Pin To Net: NetName=DRDY MAGNETIC1 Pin=U3-8
Added Pin To Net: NetName=DRDY MAGNETIC1 Pin=U4-8
Added Net: Name=DRDY MAGNETIC1
Added Pin To Net: NetName=GND Pin=C1-1
Added Pin To Net: NetName=GND Pin=C2-1
Added Pin To Net: NetName=GND Pin=C3-1
Added Pin To Net: NetName=GND Pin=C4-1
Added Pin To Net: NetName=GND Pin=C5-1
Added Pin To Net: NetName=GND Pin=C6-1
Added Pin To Net: NetName=GND Pin=C7-1
Added Pin To Net: NetName=GND Pin=C8-1
Added Pin To Net: NetName=GND Pin=C9-1
Added Pin To Net: NetName=GND Pin=C10-1
Added Pin To Net: NetName=GND Pin=C11-1
Added Pin To Net: NetName=GND Pin=C12-1
Added Pin To Net: NetName=GND Pin=C13-1
Added Pin To Net: NetName=GND Pin=C14-1
Added Pin To Net: NetName=GND Pin=C15-1
Added Pin To Net: NetName=GND Pin=C16-1
Added Pin To Net: NetName=GND Pin=C18-1
Added Pin To Net: NetName=GND Pin=C19-1
Added Pin To Net: NetName=GND Pin=C20-1
Added Pin To Net: NetName=GND Pin=C21-1
Added Pin To Net: NetName=GND Pin=C22-1
Added Pin To Net: NetName=GND Pin=C23-1
Added Pin To Net: NetName=GND Pin=C24-1
Added Pin To Net: NetName=GND Pin=C25-1
Added Pin To Net: NetName=GND Pin=C26-1
Added Pin To Net: NetName=GND Pin=C27-1
Added Pin To Net: NetName=GND Pin=C28-1
Added Pin To Net: NetName=GND Pin=C29-1
Added Pin To Net: NetName=GND Pin=P2-1
Added Pin To Net: NetName=GND Pin=P2-2
Added Pin To Net: NetName=GND Pin=P2-3
Added Pin To Net: NetName=GND Pin=P2-4
Added Pin To Net: NetName=GND Pin=P2-5
Added Pin To Net: NetName=GND Pin=P2-6
Added Pin To Net: NetName=GND Pin=P2-7
Added Pin To Net: NetName=GND Pin=P2-8
Added Pin To Net: NetName=GND Pin=P2-9
Added Pin To Net: NetName=GND Pin=P2-10
Added Pin To Net: NetName=GND Pin=P2-11
Added Pin To Net: NetName=GND Pin=P2-12
Added Pin To Net: NetName=GND Pin=P2-13
Added Pin To Net: NetName=GND Pin=P2-14
Added Pin To Net: NetName=GND Pin=P2-16
Added Pin To Net: NetName=GND Pin=P2-17
Added Pin To Net: NetName=GND Pin=P2-18
Added Pin To Net: NetName=GND Pin=P2-20
Added Pin To Net: NetName=GND Pin=P2-21
Added Pin To Net: NetName=GND Pin=P2-22
Added Pin To Net: NetName=GND Pin=P2-24
Added Pin To Net: NetName=GND Pin=P2-26
Added Pin To Net: NetName=GND Pin=R1-2
Added Pin To Net: NetName=GND Pin=R2-2
Added Pin To Net: NetName=GND Pin=R3-2
Added Pin To Net: NetName=GND Pin=R4-2
Added Pin To Net: NetName=GND Pin=R5-2
Added Pin To Net: NetName=GND Pin=R6-2
Added Pin To Net: NetName=GND Pin=R7-1
Added Pin To Net: NetName=GND Pin=R8-1
Added Pin To Net: NetName=GND Pin=R9-1
Added Pin To Net: NetName=GND Pin=U2-2
Added Pin To Net: NetName=GND Pin=U2-3
Added Pin To Net: NetName=GND Pin=U2-12
Added Pin To Net: NetName=GND Pin=U3-2
Added Pin To Net: NetName=GND Pin=U3-3
Added Pin To Net: NetName=GND Pin=U3-12
Added Pin To Net: NetName=GND Pin=U4-2
Added Pin To Net: NetName=GND Pin=U4-3
Added Pin To Net: NetName=GND Pin=U4-12
Added Pin To Net: NetName=GND Pin=U5-6
Added Pin To Net: NetName=GND Pin=U5-7
Added Pin To Net: NetName=GND Pin=U6-6
Added Pin To Net: NetName=GND Pin=U6-7
Added Pin To Net: NetName=GND Pin=U7-6
Added Pin To Net: NetName=GND Pin=U7-7
Added Net: Name=GND
Added Pin To Net: NetName=INT1 ACC1 Pin=U5-4
Added Pin To Net: NetName=INT1 ACC1 Pin=U6-4
Added Pin To Net: NetName=INT1 ACC1 Pin=U7-4
Added Net: Name=INT1 ACC1
Added Pin To Net: NetName=INT2 ACC1 Pin=U5-9
Added Pin To Net: NetName=INT2 ACC1 Pin=U6-9
Added Pin To Net: NetName=INT2 ACC1 Pin=U7-9
Added Net: Name=INT2 ACC1
Added Pin To Net: NetName=INT MAGNETIC1 Pin=U2-7
Added Pin To Net: NetName=INT MAGNETIC1 Pin=U3-7
Added Pin To Net: NetName=INT MAGNETIC1 Pin=U4-7
Added Net: Name=INT MAGNETIC1
Added Pin To Net: NetName=NetC1_2 Pin=C1-2
Added Pin To Net: NetName=NetC1_2 Pin=C3-2
Added Pin To Net: NetName=NetC1_2 Pin=U2-5
Added Net: Name=NetC1_2
Added Pin To Net: NetName=NetC2_2 Pin=C2-2
Added Pin To Net: NetName=NetC2_2 Pin=C4-2
Added Pin To Net: NetName=NetC2_2 Pin=U3-5
Added Net: Name=NetC2_2
Added Pin To Net: NetName=NetC5_2 Pin=C5-2
Added Pin To Net: NetName=NetC5_2 Pin=U2-4
Added Net: Name=NetC5_2
Added Pin To Net: NetName=NetC6_2 Pin=C6-2
Added Pin To Net: NetName=NetC6_2 Pin=U3-4
Added Net: Name=NetC6_2
Added Pin To Net: NetName=NetC7_2 Pin=C7-2
Added Pin To Net: NetName=NetC7_2 Pin=C8-2
Added Pin To Net: NetName=NetC7_2 Pin=U4-5
Added Net: Name=NetC7_2
Added Pin To Net: NetName=NetC9_2 Pin=C9-2
Added Pin To Net: NetName=NetC9_2 Pin=U4-4
Added Net: Name=NetC9_2
Added Pin To Net: NetName=NetR1_1 Pin=R1-1
Added Pin To Net: NetName=NetR1_1 Pin=U5-12
Added Net: Name=NetR1_1
Added Pin To Net: NetName=NetR2_1 Pin=R2-1
Added Pin To Net: NetName=NetR2_1 Pin=U5-10
Added Net: Name=NetR2_1
Added Pin To Net: NetName=NetR3_1 Pin=R3-1
Added Pin To Net: NetName=NetR3_1 Pin=U6-12
Added Net: Name=NetR3_1
Added Pin To Net: NetName=NetR4_1 Pin=R4-1
Added Pin To Net: NetName=NetR4_1 Pin=U6-10
Added Net: Name=NetR4_1
Added Pin To Net: NetName=NetR5_1 Pin=R5-1
Added Pin To Net: NetName=NetR5_1 Pin=U7-12
Added Net: Name=NetR5_1
Added Pin To Net: NetName=NetR6_1 Pin=R6-1
Added Pin To Net: NetName=NetR6_1 Pin=U7-10
Added Net: Name=NetR6_1
Added Pin To Net: NetName=NetR7_2 Pin=R7-2
Added Pin To Net: NetName=NetR7_2 Pin=U5-11
Added Net: Name=NetR7_2
Added Pin To Net: NetName=NetR8_2 Pin=R8-2
Added Pin To Net: NetName=NetR8_2 Pin=U6-11
Added Net: Name=NetR8_2
Added Pin To Net: NetName=NetR9_2 Pin=R9-2
Added Pin To Net: NetName=NetR9_2 Pin=U7-11
Added Net: Name=NetR9_2
Added Pin To Net: NetName=NRST Pin=P2-19
Added Pin To Net: NetName=NRST Pin=U1-7
Added Net: Name=NRST
Added Pin To Net: NetName=PA0 Pin=P1-1
Added Pin To Net: NetName=PA0 Pin=U1-10
Added Net: Name=PA0
Added Pin To Net: NetName=PA1 Pin=P1-3
Added Pin To Net: NetName=PA1 Pin=U1-11
Added Net: Name=PA1
Added Pin To Net: NetName=PA2 Pin=P1-5
Added Pin To Net: NetName=PA2 Pin=U1-12
Added Net: Name=PA2
Added Pin To Net: NetName=PA3 Pin=P1-7
Added Pin To Net: NetName=PA3 Pin=U1-13
Added Net: Name=PA3
Added Pin To Net: NetName=PA4 Pin=P1-9
Added Pin To Net: NetName=PA4 Pin=U1-14
Added Net: Name=PA4
Added Pin To Net: NetName=PA5 Pin=P1-11
Added Pin To Net: NetName=PA5 Pin=U1-15
Added Net: Name=PA5
Added Pin To Net: NetName=PA6 Pin=P1-13
Added Pin To Net: NetName=PA6 Pin=U1-16
Added Net: Name=PA6
Added Pin To Net: NetName=PA7 Pin=P1-15
Added Pin To Net: NetName=PA7 Pin=U1-17
Added Net: Name=PA7
Added Pin To Net: NetName=PA8 Pin=P1-17
Added Pin To Net: NetName=PA8 Pin=U1-29
Added Net: Name=PA8
Added Pin To Net: NetName=PA9 Pin=P1-19
Added Pin To Net: NetName=PA9 Pin=U1-30
Added Net: Name=PA9
Added Pin To Net: NetName=PA10 Pin=P1-21
Added Pin To Net: NetName=PA10 Pin=U1-31
Added Net: Name=PA10
Added Pin To Net: NetName=PA11 Pin=P1-23
Added Pin To Net: NetName=PA11 Pin=U1-32
Added Net: Name=PA11
Added Pin To Net: NetName=PA12 Pin=P1-25
Added Pin To Net: NetName=PA12 Pin=U1-33
Added Net: Name=PA12
Added Pin To Net: NetName=PA13 Pin=P1-27
Added Pin To Net: NetName=PA13 Pin=U1-34
Added Net: Name=PA13
Added Pin To Net: NetName=PA14 Pin=P1-29
Added Pin To Net: NetName=PA14 Pin=U1-37
Added Net: Name=PA14
Added Pin To Net: NetName=PA15 Pin=P1-31
Added Pin To Net: NetName=PA15 Pin=U1-38
Added Net: Name=PA15
Added Pin To Net: NetName=PB0 Pin=P1-2
Added Pin To Net: NetName=PB0 Pin=U1-18
Added Net: Name=PB0
Added Pin To Net: NetName=PB1 Pin=P1-4
Added Pin To Net: NetName=PB1 Pin=U1-19
Added Net: Name=PB1
Added Pin To Net: NetName=PB2 Pin=P1-6
Added Pin To Net: NetName=PB2 Pin=U1-20
Added Net: Name=PB2
Added Pin To Net: NetName=PB3 Pin=P1-8
Added Pin To Net: NetName=PB3 Pin=U1-39
Added Net: Name=PB3
Added Pin To Net: NetName=PB4 Pin=P1-10
Added Pin To Net: NetName=PB4 Pin=U1-40
Added Net: Name=PB4
Added Pin To Net: NetName=PB5 Pin=P1-12
Added Pin To Net: NetName=PB5 Pin=U1-41
Added Net: Name=PB5
Added Pin To Net: NetName=PB6 Pin=P1-14
Added Pin To Net: NetName=PB6 Pin=R10-1
Added Pin To Net: NetName=PB6 Pin=U1-42
Added Pin To Net: NetName=PB6 Pin=U2-1
Added Pin To Net: NetName=PB6 Pin=U3-1
Added Pin To Net: NetName=PB6 Pin=U4-1
Added Pin To Net: NetName=PB6 Pin=U5-13
Added Pin To Net: NetName=PB6 Pin=U6-13
Added Pin To Net: NetName=PB6 Pin=U7-13
Added Net: Name=PB6
Added Pin To Net: NetName=PB7 Pin=P1-16
Added Pin To Net: NetName=PB7 Pin=R11-1
Added Pin To Net: NetName=PB7 Pin=U1-43
Added Pin To Net: NetName=PB7 Pin=U2-11
Added Pin To Net: NetName=PB7 Pin=U3-11
Added Pin To Net: NetName=PB7 Pin=U4-11
Added Pin To Net: NetName=PB7 Pin=U5-14
Added Pin To Net: NetName=PB7 Pin=U6-14
Added Pin To Net: NetName=PB7 Pin=U7-14
Added Net: Name=PB7
Added Pin To Net: NetName=PB8 Pin=P1-18
Added Pin To Net: NetName=PB8 Pin=U1-45
Added Net: Name=PB8
Added Pin To Net: NetName=PB9 Pin=P1-20
Added Pin To Net: NetName=PB9 Pin=U1-46
Added Net: Name=PB9
Added Pin To Net: NetName=PB10 Pin=P1-22
Added Pin To Net: NetName=PB10 Pin=U1-21
Added Net: Name=PB10
Added Pin To Net: NetName=PB11 Pin=P1-24
Added Pin To Net: NetName=PB11 Pin=U1-22
Added Net: Name=PB11
Added Pin To Net: NetName=PB12 Pin=P1-26
Added Pin To Net: NetName=PB12 Pin=U1-25
Added Net: Name=PB12
Added Pin To Net: NetName=PB13 Pin=P1-28
Added Pin To Net: NetName=PB13 Pin=U1-26
Added Net: Name=PB13
Added Pin To Net: NetName=PB14 Pin=P1-30
Added Pin To Net: NetName=PB14 Pin=U1-27
Added Net: Name=PB14
Added Pin To Net: NetName=PB15 Pin=P1-32
Added Pin To Net: NetName=PB15 Pin=U1-28
Added Net: Name=PB15
Added Pin To Net: NetName=PC13 Pin=P1-33
Added Pin To Net: NetName=PC13 Pin=U1-2
Added Net: Name=PC13
Added Pin To Net: NetName=PC14 Pin=P1-35
Added Pin To Net: NetName=PC14 Pin=U1-3
Added Net: Name=PC14
Added Pin To Net: NetName=PC15 Pin=U1-4
Added Net: Name=PC15
Added Pin To Net: NetName=PD0 Pin=P1-34
Added Pin To Net: NetName=PD0 Pin=U1-5
Added Net: Name=PD0
Added Pin To Net: NetName=PD1 Pin=P1-36
Added Pin To Net: NetName=PD1 Pin=U1-6
Added Net: Name=PD1
Added Pin To Net: NetName=SD0 SDA1 Pin=U2-9
Added Pin To Net: NetName=SD0 SDA1 Pin=U3-9
Added Pin To Net: NetName=SD0 SDA1 Pin=U4-9
Added Pin To Net: NetName=SD0 SDA1 Pin=U5-1
Added Pin To Net: NetName=SD0 SDA1 Pin=U6-1
Added Pin To Net: NetName=SD0 SDA1 Pin=U7-1
Added Net: Name=SD0 SDA1
Added Pin To Net: NetName=VBAT Pin=P2-23
Added Pin To Net: NetName=VBAT Pin=U1-1
Added Net: Name=VBAT
Added Pin To Net: NetName=VDD_1 Pin=P2-27
Added Pin To Net: NetName=VDD_1 Pin=U1-24
Added Net: Name=VDD_1
Added Pin To Net: NetName=VDD_2 Pin=P2-29
Added Pin To Net: NetName=VDD_2 Pin=U1-36
Added Net: Name=VDD_2
Added Pin To Net: NetName=VDD_3 Pin=P2-31
Added Pin To Net: NetName=VDD_3 Pin=U1-48
Added Net: Name=VDD_3
Added Pin To Net: NetName=VDDA Pin=P2-25
Added Pin To Net: NetName=VDDA Pin=P2-33
Added Pin To Net: NetName=VDDA Pin=P2-35
Added Pin To Net: NetName=VDDA Pin=U1-9
Added Net: Name=VDDA
Added Pin To Net: NetName=VDD Pin=C10-2
Added Pin To Net: NetName=VDD Pin=C11-2
Added Pin To Net: NetName=VDD Pin=C12-2
Added Pin To Net: NetName=VDD Pin=C13-2
Added Pin To Net: NetName=VDD Pin=C14-2
Added Pin To Net: NetName=VDD Pin=C15-2
Added Pin To Net: NetName=VDD Pin=C16-2
Added Pin To Net: NetName=VDD Pin=C18-2
Added Pin To Net: NetName=VDD Pin=C19-2
Added Pin To Net: NetName=VDD Pin=C20-2
Added Pin To Net: NetName=VDD Pin=C21-2
Added Pin To Net: NetName=VDD Pin=C22-2
Added Pin To Net: NetName=VDD Pin=C23-2
Added Pin To Net: NetName=VDD Pin=C24-2
Added Pin To Net: NetName=VDD Pin=C25-2
Added Pin To Net: NetName=VDD Pin=C26-2
Added Pin To Net: NetName=VDD Pin=C27-2
Added Pin To Net: NetName=VDD Pin=C28-2
Added Pin To Net: NetName=VDD Pin=C29-2
Added Pin To Net: NetName=VDD Pin=R10-2
Added Pin To Net: NetName=VDD Pin=R11-2
Added Pin To Net: NetName=VDD Pin=U2-6
Added Pin To Net: NetName=VDD Pin=U2-10
Added Pin To Net: NetName=VDD Pin=U3-6
Added Pin To Net: NetName=VDD Pin=U3-10
Added Pin To Net: NetName=VDD Pin=U4-6
Added Pin To Net: NetName=VDD Pin=U4-10
Added Pin To Net: NetName=VDD Pin=U5-5
Added Pin To Net: NetName=VDD Pin=U5-8
Added Pin To Net: NetName=VDD Pin=U6-5
Added Pin To Net: NetName=VDD Pin=U6-8
Added Pin To Net: NetName=VDD Pin=U7-5
Added Pin To Net: NetName=VDD Pin=U7-8
Added Net: Name=VDD
Added Pin To Net: NetName=VSS_1 Pin=P2-28
Added Pin To Net: NetName=VSS_1 Pin=U1-23
Added Net: Name=VSS_1
Added Pin To Net: NetName=VSS_2 Pin=P2-30
Added Pin To Net: NetName=VSS_2 Pin=U1-35
Added Net: Name=VSS_2
Added Pin To Net: NetName=VSS_3 Pin=P2-32
Added Pin To Net: NetName=VSS_3 Pin=U1-47
Added Net: Name=VSS_3
Added Pin To Net: NetName=VSSA Pin=P2-34
Added Pin To Net: NetName=VSSA Pin=P2-36
Added Pin To Net: NetName=VSSA Pin=U1-8
Added Net: Name=VSSA
Added Class: Name=PCB1
Added Room: Name=PCB1
